<?xml version="1.0" encoding="UTF-8"?>
<testsuite name='test.com.acme.prime.eval.test' tests='1' time='0.84' failures='0' target='file:/D:/Users/Eric/git/com.acme.prime.eval/com.acme.prime.eval.test/generated/com.acme.prime.eval.test.jar' timestamp='2017-12-05T18:02:23' hostname='Eric-THINK' framework='org.eclipse.osgi_3.10.100.v20150529-1857 [0]' errors='0' framework-version='3.10.100.v20150529-1857'>
  <properties>
    <property name='java.vendor' value='Oracle Corporation'/>
    <property name='sun.java.launcher' value='SUN_STANDARD'/>
    <property name='sun.management.compiler' value='HotSpot Client Compiler'/>
    <property name='os.name' value='Windows 10'/>
    <property name='sun.boot.class.path' value='C:\Program Files (x86)\Java\jre1.8.0_151\lib\resources.jar;C:\Program Files (x86)\Java\jre1.8.0_151\lib\rt.jar;C:\Program Files (x86)\Java\jre1.8.0_151\lib\sunrsasign.jar;C:\Program Files (x86)\Java\jre1.8.0_151\lib\jsse.jar;C:\Program Files (x86)\Java\jre1.8.0_151\lib\jce.jar;C:\Program Files (x86)\Java\jre1.8.0_151\lib\charsets.jar;C:\Program Files (x86)\Java\jre1.8.0_151\lib\jfr.jar;C:\Program Files (x86)\Java\jre1.8.0_151\classes'/>
    <property name='tester.continuous' value='false'/>
    <property name='sun.desktop' value='windows'/>
    <property name='java.vm.specification.vendor' value='Oracle Corporation'/>
    <property name='java.runtime.version' value='1.8.0_151-b12'/>
    <property name='launch.services' value='true'/>
    <property name='launch.notificationPort' value='-1'/>
    <property name='launcher.properties' value='D:\Users\Eric\git\com.acme.prime.eval\com.acme.prime.eval.test\generated\launch5579216917298195833.properties'/>
    <property name='user.name' value='Eric'/>
    <property name='launch.bundles' value='D:\Users\Eric\git\com.acme.prime.eval\com.acme.prime.eval.provider\generated\com.acme.prime.eval.provider.jar,D:\Users\Eric\git\com.acme.prime.eval\com.acme.prime.eval.test\generated\com.acme.prime.eval.test.jar,D:\Users\Eric\.m2\repository\org\apache\felix\org.apache.felix.configadmin\1.8.8\org.apache.felix.configadmin-1.8.8.jar,D:\Users\Eric\.m2\repository\org\apache\felix\org.apache.felix.log\1.0.1\org.apache.felix.log-1.0.1.jar,D:\Users\Eric\.m2\repository\org\apache\felix\org.apache.felix.scr\2.0.2\org.apache.felix.scr-2.0.2.jar,D:\Users\Eric\.m2\repository\org\osgi\org.eclipse.equinox.metatype\1.4.100.v20150408-1437\org.eclipse.equinox.metatype-1.4.100.v20150408-1437.jar,D:\Users\Eric\.m2\repository\org\osgi\org.osgi.service.metatype\1.3.0\org.osgi.service.metatype-1.3.0.jar,D:\Users\Eric\.m2\repository\org\osgi\osgi.enroute.hamcrest.wrapper\1.3.0\osgi.enroute.hamcrest.wrapper-1.3.0.jar,D:\Users\Eric\.m2\repository\org\osgi\osgi.enroute.junit.wrapper\4.12.0\osgi.enroute.junit.wrapper-4.12.0.jar,D:\Users\Eric\git\com.acme.prime.eval\com.acme.prime.eval.test\generated\com.acme.prime.eval.test.jar,D:\Users\Eric\git\com.acme.prime.eval\cnf\cache\3.5.0\bnd-cache\biz.aQute.tester\biz.aQute.tester-3.5.0.jar'/>
    <property name='user.language' value='en'/>
    <property name='org.apache.felix.http.whiteboardEnabled' value='true'/>
    <property name='sun.boot.library.path' value='C:\Program Files (x86)\Java\jre1.8.0_151\bin'/>
    <property name='java.version' value='1.8.0_151'/>
    <property name='user.timezone' value='Asia/Shanghai'/>
    <property name='tester.dir' value='D:\Users\Eric\git\com.acme.prime.eval\com.acme.prime.eval.test\generated\test-reports'/>
    <property name='sun.arch.data.model' value='32'/>
    <property name='tester.unresolved' value='true'/>
    <property name='java.endorsed.dirs' value='C:\Program Files (x86)\Java\jre1.8.0_151\lib\endorsed'/>
    <property name='sun.cpu.isalist' value='pentium_pro+mmx pentium_pro pentium+mmx pentium i486 i386 i86'/>
    <property name='sun.jnu.encoding' value='GBK'/>
    <property name='file.encoding.pkg' value='sun.io'/>
    <property name='launch.noreferences' value='false'/>
    <property name='file.separator' value='\'/>
    <property name='java.specification.name' value='Java Platform API Specification'/>
    <property name='java.class.version' value='52.0'/>
    <property name='user.country' value='US'/>
    <property name='java.home' value='C:\Program Files (x86)\Java\jre1.8.0_151'/>
    <property name='java.vm.info' value='mixed mode'/>
    <property name='os.version' value='10.0'/>
    <property name='path.separator' value=';'/>
    <property name='java.vm.version' value='25.151-b12'/>
    <property name='osgi.console' value=''/>
    <property name='user.variant' value=''/>
    <property name='java.awt.printerjob' value='sun.awt.windows.WPrinterJob'/>
    <property name='sun.io.unicode.encoding' value='UnicodeLittle'/>
    <property name='awt.toolkit' value='sun.awt.windows.WToolkit'/>
    <property name='user.script' value=''/>
    <property name='user.home' value='D:\Users\Eric'/>
    <property name='java.specification.vendor' value='Oracle Corporation'/>
    <property name='java.library.path' value='C:\Program Files (x86)\Java\jre1.8.0_151\bin;C:\WINDOWS\Sun\Java\bin;C:\WINDOWS\system32;C:\WINDOWS;C:/Program Files (x86)/Java/jre1.8.0_151/bin/client;C:/Program Files (x86)/Java/jre1.8.0_151/bin;C:/Program Files (x86)/Java/jre1.8.0_151/lib/i386;C:\ProgramData\Oracle\Java\javapath;C:\Program Files (x86)\PC Connectivity Solution\;C:\WINDOWS\system32;C:\WINDOWS;C:\WINDOWS\System32\Wbem;C:\WINDOWS\System32\WindowsPowerShell\v1.0\;C:\Program Files\ThinkPad\Bluetooth Software\;C:\Program Files\ThinkPad\Bluetooth Software\syswow64;C:\Program Files\Broadcom\WHL\;C:\Program Files\Broadcom\WHL\syswow64;C:\Program Files\Broadcom\WHL\SysWow64\;C:\Program Files\Broadcom\WHL\SysWow64\syswow64;C:\Program Files\Common Files\Lenovo;C:\SWTOOLS\ReadyApps;C:\Program Files (x86)\Intel\Services\IPT\;C:\Program Files (x86)\Symantec\VIP Access Client\;C:\Program Files (x86)\Common Files\Lenovo;C:\Program Files\Intel\WiFi\bin\;C:\Program Files\Common Files\Intel\WirelessCommon\;F:\Tomcat_Extract\apache-tomcat-7.0.34\bin;C:\Program Files (x86)\Lenovo\Access Connections\;C:\Program Files (x86)\Java\jdk1.8.0_144\bin;C:\Program Files (x86)\QuickTime\QTSystem\;C:\Program Files (x86)\Microsoft SQL Server\100\Tools\Binn\;C:\Program Files\Microsoft SQL Server\100\Tools\Binn\;C:\Program Files\Microsoft SQL Server\100\DTS\Binn\;F:\Cpp\WMMsg\Debug;C:\Program Files (x86)\Xoreax\IncrediBuild;G:\products\VideoOCRTest101002\dll;G:\Git\Git\cmd;C:\ProgramData\Oracle\Java\javapath;C:\Program Files (x86)\PC Connectivity Solution\;C:\WINDOWS\system32;C:\WINDOWS;C:\WINDOWS\System32\Wbem;C:\WINDOWS\System32\WindowsPowerShell\v1.0\;C:\Program Files\ThinkPad\Bluetooth Software\;C:\Program Files\ThinkPad\Bluetooth Software\syswow64;C:\Program Files\Broadcom\WHL\;C:\Program Files\Broadcom\WHL\syswow64;C:\Program Files\Broadcom\WHL\SysWow64\;C:\Program Files\Broadcom\WHL\SysWow64\syswow64;C:\Program Files\Common Files\Lenovo;C:\SWTOOLS\ReadyApps;C:\Program Files (x86)\Intel\Services\IPT\;C:\Program Files (x86)\Symantec\VIP Access Client\;C:\Program Files (x86)\Common Files\Lenovo;C:\Program Files\Intel\WiFi\bin\;C:\Program Files\Common Files\Intel\WirelessCommon\;F:\Tomcat_Extract\apache-tomcat-7.0.34\bin;C:\Program Files (x86)\Lenovo\Access Connections\;C:\Program Files (x86)\Java\jdk1.8.0_144\bin;C:\Program Files (x86)\QuickTime\QTSystem\;C:\Program Files (x86)\Microsoft SQL Server\100\Tools\Binn\;C:\Program Files\Microsoft SQL Server\100\Tools\Binn\;C:\Program Files\Microsoft SQL Server\100\DTS\Binn\;F:\Cpp\WMMsg\Debug;C:\Program Files (x86)\Xoreax\IncrediBuild;G:\products\VideoOCRTest101002\dll;G:\Git\Git\cmd;F:\eclipse\apache-ant-1.9.6/bin;F:\eclipse\apache-maven-3.3.9\bin;F:\Gradle\gradle-2.10\bin;F:\eclipse\groovy-2.4.5\bin;c:\program files\mongodb\server\3.4\bin;D:\Users\Eric\AppData\Local\Microsoft\WindowsApps;G:\eclipse;;.'/>
    <property name='java.vendor.url' value='http://java.oracle.com/'/>
    <property name='java.vm.vendor' value='Oracle Corporation'/>
    <property name='java.runtime.name' value='Java(TM) SE Runtime Environment'/>
    <property name='tester.port' value='51596'/>
    <property name='sun.java.command' value='aQute.launcher.Launcher'/>
    <property name='java.class.path' value='D:\Users\Eric\.m2\repository\org\osgi\osgi.enroute.equinox.log.adapter\2.1.0-SNAPSHOT\osgi.enroute.equinox.log.adapter-2.1.0-SNAPSHOT.jar;D:\Users\Eric\.m2\repository\org\osgi\org.eclipse.osgi\3.10.100.v20150529-1857\org.eclipse.osgi-3.10.100.v20150529-1857.jar;D:\Users\Eric\git\com.acme.prime.eval\cnf\cache\3.5.0\bnd-cache\biz.aQute.launcher\biz.aQute.launcher-3.5.0.jar'/>
    <property name='launch.system.capabilities' value='osgi.native;osgi.native.osname:List&lt;String&gt;="Windows10,Windows 10,Win32";osgi.native.osversion:Version="10.0.0";osgi.native.processor:List&lt;String&gt;="x86,pentium,i386,i486,i586,i686";osgi.native.language=en_US'/>
    <property name='launch.name' value='bnd.bnd'/>
    <property name='launch.timeout' value='0'/>
    <property name='launch.keep' value='false'/>
    <property name='java.vm.specification.name' value='Java Virtual Machine Specification'/>
    <property name='java.vm.specification.version' value='1.8'/>
    <property name='sun.cpu.endian' value='little'/>
    <property name='sun.os.patch.level' value=''/>
    <property name='java.io.tmpdir' value='D:\Users\Eric\AppData\Local\Temp\'/>
    <property name='java.vendor.url.bug' value='http://bugreport.sun.com/bugreport/'/>
    <property name='os.arch' value='x86'/>
    <property name='java.awt.graphicsenv' value='sun.awt.Win32GraphicsEnvironment'/>
    <property name='java.ext.dirs' value='C:\Program Files (x86)\Java\jre1.8.0_151\lib\ext;C:\WINDOWS\Sun\Java\lib\ext'/>
    <property name='user.dir' value='D:\Users\Eric\git\com.acme.prime.eval\com.acme.prime.eval.test'/>
    <property name='launch.trace' value='false'/>
    <property name='line.separator' value='
'/>
    <property name='java.vm.name' value='Java HotSpot(TM) Client VM'/>
    <property name='launch.embedded' value='false'/>
    <property name='launch.activators' value='osgi.enroute.equinox.log.adapter.HideEquinoxLog'/>
    <property name='osgi.console.enable.builtin' value='false'/>
    <property name='file.encoding' value='GBK'/>
    <property name='org.apache.felix.http.jettyEnabled' value='true'/>
    <property name='launch.system.packages' value='javax.script,org.eclipse.core.runtime.adaptor;x-friends:="org.eclipse.core.runtime",org.eclipse.core.runtime.internal.adaptor;x-internal:=true,org.eclipse.equinox.log;version="1.0",org.eclipse.osgi.container;version="1.0",org.eclipse.osgi.container.builders;version="1.0",org.eclipse.osgi.container.namespaces;version="1.0",org.eclipse.osgi.framework.console;version="1.1",org.eclipse.osgi.framework.eventmgr;version="1.2",org.eclipse.osgi.framework.internal.reliablefile;x-internal:=true,org.eclipse.osgi.framework.log;version="1.1",org.eclipse.osgi.framework.util;x-internal:=true,org.eclipse.osgi.internal.debug;x-internal:=true,org.eclipse.osgi.internal.framework;x-internal:=true,org.eclipse.osgi.internal.hookregistry;x-friends:="org.eclipse.osgi.tests",org.eclipse.osgi.internal.loader;x-internal:=true,org.eclipse.osgi.internal.loader.buddy;x-internal:=true,org.eclipse.osgi.internal.loader.classpath;x-internal:=true,org.eclipse.osgi.internal.loader.sources;x-internal:=true,org.eclipse.osgi.internal.location;x-internal:=true,org.eclipse.osgi.internal.messages;x-internal:=true,org.eclipse.osgi.internal.provisional.service.security;version="1.0.0";x-friends:="org.eclipse.equinox.security.ui",org.eclipse.osgi.internal.provisional.verifier;x-friends:="org.eclipse.update.core,org.eclipse.ui.workbench,org.eclipse.equinox.p2.artifact.repository",org.eclipse.osgi.internal.service.security;x-friends:="org.eclipse.equinox.security.ui",org.eclipse.osgi.internal.serviceregistry;x-internal:=true,org.eclipse.osgi.internal.signedcontent;x-internal:=true,org.eclipse.osgi.internal.url;x-internal:=true,org.eclipse.osgi.launch;version="1.0",org.eclipse.osgi.report.resolution;version="1.0",org.eclipse.osgi.service.datalocation;version="1.3",org.eclipse.osgi.service.debug;version="1.2",org.eclipse.osgi.service.environment;version="1.3",org.eclipse.osgi.service.localization;version="1.1",org.eclipse.osgi.service.pluginconversion;version="1.0",org.eclipse.osgi.service.resolver;version="1.6",org.eclipse.osgi.service.runnable;version="1.1",org.eclipse.osgi.service.security;version="1.0",org.eclipse.osgi.service.urlconversion;version="1.0",org.eclipse.osgi.signedcontent;version="1.0",org.eclipse.osgi.storage;x-friends:="org.eclipse.osgi.tests",org.eclipse.osgi.storage.bundlefile;x-internal:=true,org.eclipse.osgi.storage.url.reference;x-internal:=true,org.eclipse.osgi.storagemanager;version="1.0",org.eclipse.osgi.util;version="1.1",org.osgi.dto;version="1.0",org.osgi.framework;version="1.8",org.osgi.framework.dto;version="1.8",org.osgi.framework.hooks.bundle;version="1.1",org.osgi.framework.hooks.resolver;version="1.0",org.osgi.framework.hooks.service;version="1.1",org.osgi.framework.hooks.weaving;version="1.1",org.osgi.framework.launch;version="1.2",org.osgi.framework.namespace;version="1.1",org.osgi.framework.startlevel;version="1.0",org.osgi.framework.startlevel.dto;version="1.0",org.osgi.framework.wiring;version="1.2",org.osgi.framework.wiring.dto;version="1.2",org.osgi.resource;version="1.0",org.osgi.resource.dto;version="1.0",org.osgi.service.condpermadmin;version="1.1.1",org.osgi.service.log;version="1.3",org.osgi.service.packageadmin;version="1.2",org.osgi.service.permissionadmin;version="1.2",org.osgi.service.resolver;version="1.0.1",org.osgi.service.startlevel;version="1.1",org.osgi.service.url;version="1.0",org.osgi.util.tracker;version="1.5.1"'/>
    <property name='java.specification.version' value='1.8'/>
  </properties>
  <testcase name='testEval' time='0.15' classname='com.acme.prime.eval.test.EvalTest'/>
</testsuite>